<?xml version="1.0" encoding="UTF-8"?>
<robot generator="Robot 4.1.3 (Python 3.10.1 on win32)" generated="20220225 17:20:31.483" rpa="false" schemaversion="2">
<suite id="s1" name="18-Zonal" source="D:\Robotframework-EOFactory\18-Zonal.robot">
<test id="s1-t1" name="Zonal">
<kw name="Open Browser" library="Selenium2Library">
<arg>${LOGIN_URL}</arg>
<arg>chrome</arg>
<doc>Opens a new browser instance to the optional ``url``.</doc>
<msg timestamp="20220225 17:20:31.780" level="INFO">Opening browser 'chrome' to base url 'https://test.eofactory.ai:3443/signIn.html?redirect=http://localhost:8080/authentication?token='.</msg>
<status status="PASS" starttime="20220225 17:20:31.780" endtime="20220225 17:20:36.484"/>
</kw>
<kw name="Wait Until Element Is Visible" library="Selenium2Library">
<arg>${username}</arg>
<arg>5</arg>
<doc>Waits until the element ``locator`` is visible.</doc>
<status status="PASS" starttime="20220225 17:20:36.484" endtime="20220225 17:20:36.527"/>
</kw>
<kw name="Maximize Browser Window" library="Selenium2Library">
<doc>Maximizes current browser window.</doc>
<status status="PASS" starttime="20220225 17:20:36.527" endtime="20220225 17:20:36.655"/>
</kw>
<kw name="Input Text" library="Selenium2Library">
<arg>${username}</arg>
<arg>${USER_EMAIL}</arg>
<doc>Types the given ``text`` into the text field identified by ``locator``.</doc>
<msg timestamp="20220225 17:20:36.664" level="INFO">Typing text 'minhngoccnter@gmail.com' into text field 'id:email'.</msg>
<status status="PASS" starttime="20220225 17:20:36.663" endtime="20220225 17:20:36.959"/>
</kw>
<kw name="Input Text" library="Selenium2Library">
<arg>${password}</arg>
<arg>${USER_PASSWORD}</arg>
<doc>Types the given ``text`` into the text field identified by ``locator``.</doc>
<msg timestamp="20220225 17:20:36.960" level="INFO">Typing text 'admin' into text field 'id:password'.</msg>
<status status="PASS" starttime="20220225 17:20:36.960" endtime="20220225 17:20:37.066"/>
</kw>
<kw name="Click Button" library="Selenium2Library">
<arg>${btn}</arg>
<doc>Clicks the button identified by ``locator``.</doc>
<msg timestamp="20220225 17:20:37.067" level="INFO">Clicking button 'id:login'.</msg>
<status status="PASS" starttime="20220225 17:20:37.067" endtime="20220225 17:20:37.154"/>
</kw>
<kw name="Wait Until Element Is Visible" library="Selenium2Library">
<arg>${wks}</arg>
<arg>10</arg>
<doc>Waits until the element ``locator`` is visible.</doc>
<status status="PASS" starttime="20220225 17:20:37.157" endtime="20220225 17:20:45.396"/>
</kw>
<kw name="Click Element" library="Selenium2Library">
<arg>${wks}</arg>
<doc>Click the element identified by ``locator``.</doc>
<msg timestamp="20220225 17:20:45.399" level="INFO">Clicking element 'id:workspace_recent_workShare_item_0'.</msg>
<status status="PASS" starttime="20220225 17:20:45.398" endtime="20220225 17:20:45.802"/>
</kw>
<kw name="Wait Until Element Is Visible" library="Selenium2Library">
<arg>${imagery_menu}</arg>
<arg>5</arg>
<doc>Waits until the element ``locator`` is visible.</doc>
<status status="PASS" starttime="20220225 17:20:45.849" endtime="20220225 17:20:56.976"/>
</kw>
<kw name="Click Element" library="Selenium2Library">
<arg>${imagery_menu}</arg>
<doc>Click the element identified by ``locator``.</doc>
<msg timestamp="20220225 17:20:56.982" level="INFO">Clicking element 'id:introduction-Imagery'.</msg>
<status status="PASS" starttime="20220225 17:20:56.981" endtime="20220225 17:20:57.379"/>
</kw>
<kw name="Sleep" library="BuiltIn">
<arg>1</arg>
<doc>Pauses the test executed for the given time.</doc>
<msg timestamp="20220225 17:20:58.386" level="INFO">Slept 1 second</msg>
<status status="PASS" starttime="20220225 17:20:57.380" endtime="20220225 17:20:58.387"/>
</kw>
<kw name="Wait Until Element Is Visible" library="Selenium2Library">
<arg>${imagery_toolkit_icon}</arg>
<arg>5</arg>
<doc>Waits until the element ``locator`` is visible.</doc>
<status status="PASS" starttime="20220225 17:20:58.389" endtime="20220225 17:20:58.497"/>
</kw>
<kw name="Click Element" library="Selenium2Library">
<arg>${imagery_toolkit_icon}</arg>
<doc>Click the element identified by ``locator``.</doc>
<msg timestamp="20220225 17:20:58.499" level="INFO">Clicking element 'id:image_toolBar_ardButton'.</msg>
<status status="PASS" starttime="20220225 17:20:58.498" endtime="20220225 17:20:58.744"/>
</kw>
<kw name="Wait Until Element Is Visible" library="Selenium2Library">
<arg>class:ardTool_typeSelector</arg>
<arg>5</arg>
<doc>Waits until the element ``locator`` is visible.</doc>
<status status="PASS" starttime="20220225 17:20:58.746" endtime="20220225 17:20:58.839"/>
</kw>
<kw name="Click Element" library="Selenium2Library">
<arg>class:ardTool_typeSelector</arg>
<doc>Click the element identified by ``locator``.</doc>
<msg timestamp="20220225 17:20:58.841" level="INFO">Clicking element 'class:ardTool_typeSelector'.</msg>
<status status="PASS" starttime="20220225 17:20:58.841" endtime="20220225 17:20:59.587"/>
</kw>
<kw name="Sleep" library="BuiltIn">
<arg>1</arg>
<doc>Pauses the test executed for the given time.</doc>
<msg timestamp="20220225 17:21:00.589" level="INFO">Slept 1 second</msg>
<status status="PASS" starttime="20220225 17:20:59.588" endtime="20220225 17:21:00.589"/>
</kw>
<kw name="Wait Until Element Is Visible" library="Selenium2Library">
<arg>${type}</arg>
<arg>10</arg>
<doc>Waits until the element ``locator`` is visible.</doc>
<status status="PASS" starttime="20220225 17:21:00.589" endtime="20220225 17:21:10.402"/>
</kw>
<kw name="Click Element" library="Selenium2Library">
<arg>${type}</arg>
<doc>Click the element identified by ``locator``.</doc>
<msg timestamp="20220225 17:21:10.403" level="INFO">Clicking element 'id:ardtools_typeList_zonal'.</msg>
<status status="PASS" starttime="20220225 17:21:10.403" endtime="20220225 17:21:10.518"/>
</kw>
<kw name="Input Text" library="Selenium2Library">
<arg>id:ardtools_nameInput</arg>
<arg>${name}</arg>
<doc>Types the given ``text`` into the text field identified by ``locator``.</doc>
<msg timestamp="20220225 17:21:10.519" level="INFO">Typing text 'zonal_result' into text field 'id:ardtools_nameInput'.</msg>
<status status="PASS" starttime="20220225 17:21:10.519" endtime="20220225 17:21:10.861"/>
</kw>
<kw name="Click Element" library="Selenium2Library">
<arg>//*[@id="ardtools_zonal_image"]/div/div/div[1]</arg>
<doc>Click the element identified by ``locator``.</doc>
<msg timestamp="20220225 17:21:10.862" level="INFO">Clicking element '//*[@id="ardtools_zonal_image"]/div/div/div[1]'.</msg>
<msg timestamp="20220225 17:21:11.115" level="INFO" html="true">&lt;/td&gt;&lt;/tr&gt;&lt;tr&gt;&lt;td colspan="3"&gt;&lt;a href="selenium-screenshot-61.png"&gt;&lt;img src="selenium-screenshot-61.png" width="800px"&gt;&lt;/a&gt;</msg>
<msg timestamp="20220225 17:21:11.126" level="FAIL">Element with locator '//*[@id="ardtools_zonal_image"]/div/div/div[1]' not found.</msg>
<status status="FAIL" starttime="20220225 17:21:10.861" endtime="20220225 17:21:11.126"/>
</kw>
<kw name="Input Text" library="Selenium2Library">
<arg>id:ardtools_zonal_image_imageSelector_searchInput</arg>
<arg>zonal_image</arg>
<doc>Types the given ``text`` into the text field identified by ``locator``.</doc>
<status status="NOT RUN" starttime="20220225 17:21:11.127" endtime="20220225 17:21:11.127"/>
</kw>
<kw name="Click Element" library="Selenium2Library">
<arg>id:zonal_image</arg>
<doc>Click the element identified by ``locator``.</doc>
<status status="NOT RUN" starttime="20220225 17:21:11.127" endtime="20220225 17:21:11.127"/>
</kw>
<kw name="Click Element" library="Selenium2Library">
<arg>//*[@id="ardtools_zonal_vector"]/div/div/div</arg>
<doc>Click the element identified by ``locator``.</doc>
<status status="NOT RUN" starttime="20220225 17:21:11.127" endtime="20220225 17:21:11.128"/>
</kw>
<kw name="Input Text" library="Selenium2Library">
<arg>id:ardtools_zonal_vector_select2_searchInput</arg>
<arg>zonal_vector</arg>
<doc>Types the given ``text`` into the text field identified by ``locator``.</doc>
<status status="NOT RUN" starttime="20220225 17:21:11.128" endtime="20220225 17:21:11.128"/>
</kw>
<kw name="Click Element" library="Selenium2Library">
<arg>id:zonal_vector</arg>
<doc>Click the element identified by ``locator``.</doc>
<status status="NOT RUN" starttime="20220225 17:21:11.128" endtime="20220225 17:21:11.128"/>
</kw>
<kw name="Click Element" library="Selenium2Library">
<arg>//*[@id="areaBound"]/div/div[3]/div/div/div[1]/div[1]/div/form/div[6]/div/div/div[1]</arg>
<doc>Click the element identified by ``locator``.</doc>
<status status="NOT RUN" starttime="20220225 17:21:11.129" endtime="20220225 17:21:11.129"/>
</kw>
<kw name="Input Text" library="Selenium2Library">
<arg>id:ardtools_zonal_algorithm mean\n</arg>
<doc>Types the given ``text`` into the text field identified by ``locator``.</doc>
<status status="NOT RUN" starttime="20220225 17:21:11.129" endtime="20220225 17:21:11.129"/>
</kw>
<kw name="Click Button" library="Selenium2Library">
<arg>${confirm_btn}</arg>
<doc>Clicks the button identified by ``locator``.</doc>
<status status="NOT RUN" starttime="20220225 17:21:11.130" endtime="20220225 17:21:11.130"/>
</kw>
<kw name="Close Browser" library="Selenium2Library" type="TEARDOWN">
<doc>Closes the current browser.</doc>
<status status="PASS" starttime="20220225 17:21:11.130" endtime="20220225 17:21:15.057"/>
</kw>
<status status="FAIL" starttime="20220225 17:20:31.780" endtime="20220225 17:21:15.057">Element with locator '//*[@id="ardtools_zonal_image"]/div/div/div[1]' not found.</status>
</test>
<doc>Test Zonal tool.</doc>
<status status="FAIL" starttime="20220225 17:20:31.483" endtime="20220225 17:21:15.057"/>
</suite>
<statistics>
<total>
<stat pass="0" fail="1" skip="0">All Tests</stat>
</total>
<tag>
</tag>
<suite>
<stat pass="0" fail="1" skip="0" id="s1" name="18-Zonal">18-Zonal</stat>
</suite>
</statistics>
<errors>
</errors>
</robot>
