<?xml version="1.0" encoding="UTF-8"?>
<robot generator="Robot 4.1.3 (Python 3.9.5 on win32)" generated="20220217 10:07:03.958" rpa="false" schemaversion="2">
<suite id="s1" name="11-SymmetricalDifference" source="C:\Users\skymap\Desktop\Robotframework-EOFactory\11-SymmetricalDifference.robot">
<test id="s1-t1" name="SymmetricalDifference">
<kw name="Open Browser" library="Selenium2Library">
<arg>${LOGIN_URL}</arg>
<arg>chrome</arg>
<doc>Opens a new browser instance to the optional ``url``.</doc>
<msg timestamp="20220217 10:07:04.320" level="INFO">Opening browser 'chrome' to base url 'https://test.eofactory.ai:3443/signIn.html?redirect=http://localhost:8080/authentication?token='.</msg>
<status status="PASS" starttime="20220217 10:07:04.319" endtime="20220217 10:07:06.131"/>
</kw>
<kw name="Wait Until Element Is Visible" library="Selenium2Library">
<arg>${username}</arg>
<arg>5</arg>
<doc>Waits until the element ``locator`` is visible.</doc>
<status status="PASS" starttime="20220217 10:07:06.132" endtime="20220217 10:07:06.282"/>
</kw>
<kw name="Maximize Browser Window" library="Selenium2Library">
<doc>Maximizes current browser window.</doc>
<status status="PASS" starttime="20220217 10:07:06.282" endtime="20220217 10:07:06.397"/>
</kw>
<kw name="Input Text" library="Selenium2Library">
<arg>${username}</arg>
<arg>${USER_EMAIL}</arg>
<doc>Types the given ``text`` into the text field identified by ``locator``.</doc>
<msg timestamp="20220217 10:07:06.398" level="INFO">Typing text 'minhngoccnter@gmail.com' into text field 'id:email'.</msg>
<status status="PASS" starttime="20220217 10:07:06.397" endtime="20220217 10:07:06.623"/>
</kw>
<kw name="Input Text" library="Selenium2Library">
<arg>${password}</arg>
<arg>${USER_PASSWORD}</arg>
<doc>Types the given ``text`` into the text field identified by ``locator``.</doc>
<msg timestamp="20220217 10:07:06.624" level="INFO">Typing text 'admin' into text field 'id:password'.</msg>
<status status="PASS" starttime="20220217 10:07:06.623" endtime="20220217 10:07:06.753"/>
</kw>
<kw name="Click Button" library="Selenium2Library">
<arg>${btn}</arg>
<doc>Clicks the button identified by ``locator``.</doc>
<msg timestamp="20220217 10:07:06.754" level="INFO">Clicking button 'id:login'.</msg>
<status status="PASS" starttime="20220217 10:07:06.754" endtime="20220217 10:07:06.855"/>
</kw>
<kw name="Wait Until Element Is Visible" library="Selenium2Library">
<arg>${wks}</arg>
<arg>10</arg>
<doc>Waits until the element ``locator`` is visible.</doc>
<status status="PASS" starttime="20220217 10:07:06.856" endtime="20220217 10:07:11.753"/>
</kw>
<kw name="Click Element" library="Selenium2Library">
<arg>${wks}</arg>
<doc>Click the element identified by ``locator``.</doc>
<msg timestamp="20220217 10:07:11.754" level="INFO">Clicking element 'id:workspace_recent_workShare_item_0'.</msg>
<status status="PASS" starttime="20220217 10:07:11.753" endtime="20220217 10:07:11.853"/>
</kw>
<kw name="Wait Until Element Is Visible" library="Selenium2Library">
<arg>${vector_menu}</arg>
<arg>5</arg>
<doc>Waits until the element ``locator`` is visible.</doc>
<status status="PASS" starttime="20220217 10:07:11.853" endtime="20220217 10:07:18.773"/>
</kw>
<kw name="Click Element" library="Selenium2Library">
<arg>${vector_menu}</arg>
<doc>Click the element identified by ``locator``.</doc>
<msg timestamp="20220217 10:07:18.776" level="INFO">Clicking element 'id:introduction-Vectors'.</msg>
<status status="PASS" starttime="20220217 10:07:18.775" endtime="20220217 10:07:19.206"/>
</kw>
<kw name="Sleep" library="BuiltIn">
<arg>1</arg>
<doc>Pauses the test executed for the given time.</doc>
<msg timestamp="20220217 10:07:20.218" level="INFO">Slept 1 second</msg>
<status status="PASS" starttime="20220217 10:07:19.207" endtime="20220217 10:07:20.218"/>
</kw>
<kw name="Wait Until Element Is Visible" library="Selenium2Library">
<arg>${vector_toolkit_icon}</arg>
<arg>5</arg>
<doc>Waits until the element ``locator`` is visible.</doc>
<status status="PASS" starttime="20220217 10:07:20.219" endtime="20220217 10:07:20.253"/>
</kw>
<kw name="Click Element" library="Selenium2Library">
<arg>${vector_toolkit_icon}</arg>
<doc>Click the element identified by ``locator``.</doc>
<msg timestamp="20220217 10:07:20.254" level="INFO">Clicking element 'id:vector_toolkitIcon'.</msg>
<status status="PASS" starttime="20220217 10:07:20.254" endtime="20220217 10:07:20.441"/>
</kw>
<kw name="Wait Until Element Is Visible" library="Selenium2Library">
<arg>class:vectorTool_typeSelector</arg>
<arg>5</arg>
<doc>Waits until the element ``locator`` is visible.</doc>
<status status="PASS" starttime="20220217 10:07:20.441" endtime="20220217 10:07:20.499"/>
</kw>
<kw name="Click Element" library="Selenium2Library">
<arg>class:vectorTool_typeSelector</arg>
<doc>Click the element identified by ``locator``.</doc>
<msg timestamp="20220217 10:07:20.500" level="INFO">Clicking element 'class:vectorTool_typeSelector'.</msg>
<status status="PASS" starttime="20220217 10:07:20.500" endtime="20220217 10:07:21.024"/>
</kw>
<kw name="Sleep" library="BuiltIn">
<arg>1</arg>
<doc>Pauses the test executed for the given time.</doc>
<msg timestamp="20220217 10:07:22.037" level="INFO">Slept 1 second</msg>
<status status="PASS" starttime="20220217 10:07:21.024" endtime="20220217 10:07:22.037"/>
</kw>
<kw name="Click Element" library="Selenium2Library">
<arg>${type}</arg>
<doc>Click the element identified by ``locator``.</doc>
<msg timestamp="20220217 10:07:22.038" level="INFO">Clicking element 'id:vectortools_typeList_symmetrical_difference'.</msg>
<status status="PASS" starttime="20220217 10:07:22.038" endtime="20220217 10:07:22.185"/>
</kw>
<kw name="Input Text" library="Selenium2Library">
<arg>id:vectortools_nameInput</arg>
<arg>${name}</arg>
<doc>Types the given ``text`` into the text field identified by ``locator``.</doc>
<msg timestamp="20220217 10:07:22.186" level="INFO">Typing text 'test symmetrical difference' into text field 'id:vectortools_nameInput'.</msg>
<status status="PASS" starttime="20220217 10:07:22.185" endtime="20220217 10:07:22.823"/>
</kw>
<kw name="Click Element" library="Selenium2Library">
<arg>//*[@id="vectortools_symmetrical_difference_input_features"]/div/div/div</arg>
<doc>Click the element identified by ``locator``.</doc>
<msg timestamp="20220217 10:07:22.824" level="INFO">Clicking element '//*[@id="vectortools_symmetrical_difference_input_features"]/div/div/div'.</msg>
<status status="PASS" starttime="20220217 10:07:22.823" endtime="20220217 10:07:22.987"/>
</kw>
<kw name="Input Text" library="Selenium2Library">
<arg>id:vectortools_symmetrical_difference_input_features_select2_searchInput</arg>
<arg>${input_features}</arg>
<doc>Types the given ``text`` into the text field identified by ``locator``.</doc>
<msg timestamp="20220217 10:07:22.988" level="INFO">Typing text 'input_features' into text field 'id:vectortools_symmetrical_difference_input_features_select2_searchInput'.</msg>
<status status="PASS" starttime="20220217 10:07:22.987" endtime="20220217 10:07:23.513"/>
</kw>
<kw name="Click Element" library="Selenium2Library">
<arg>id:vectortools_symmetrical_difference_input_features_select2_resultList_item_0</arg>
<doc>Click the element identified by ``locator``.</doc>
<msg timestamp="20220217 10:07:23.514" level="INFO">Clicking element 'id:vectortools_symmetrical_difference_input_features_select2_resultList_item_0'.</msg>
<status status="PASS" starttime="20220217 10:07:23.513" endtime="20220217 10:07:23.643"/>
</kw>
<kw name="Click Element" library="Selenium2Library">
<arg>//*[@id="vectortools_symmetrical_difference_update_features"]/div/div/div</arg>
<doc>Click the element identified by ``locator``.</doc>
<msg timestamp="20220217 10:07:23.644" level="INFO">Clicking element '//*[@id="vectortools_symmetrical_difference_update_features"]/div/div/div'.</msg>
<status status="PASS" starttime="20220217 10:07:23.643" endtime="20220217 10:07:23.794"/>
</kw>
<kw name="Input Text" library="Selenium2Library">
<arg>id:vectortools_symmetrical_difference_update_features_select2_searchInput</arg>
<arg>${update_features}</arg>
<doc>Types the given ``text`` into the text field identified by ``locator``.</doc>
<msg timestamp="20220217 10:07:23.795" level="INFO">Typing text 'update_features' into text field 'id:vectortools_symmetrical_difference_update_features_select2_searchInput'.</msg>
<status status="PASS" starttime="20220217 10:07:23.795" endtime="20220217 10:07:24.386"/>
</kw>
<kw name="Click Element" library="Selenium2Library">
<arg>id:vectortools_symmetrical_difference_update_features_select2_resultList_item_0</arg>
<doc>Click the element identified by ``locator``.</doc>
<msg timestamp="20220217 10:07:24.387" level="INFO">Clicking element 'id:vectortools_symmetrical_difference_update_features_select2_resultList_item_0'.</msg>
<status status="PASS" starttime="20220217 10:07:24.387" endtime="20220217 10:07:24.516"/>
</kw>
<kw name="Click Element" library="Selenium2Library">
<arg>//*[@id="areaBound"]/div/div[3]/div/div/div[1]/div[1]/form/div[4]/div[3]/div/div/div[1]</arg>
<doc>Click the element identified by ``locator``.</doc>
<msg timestamp="20220217 10:07:24.517" level="INFO">Clicking element '//*[@id="areaBound"]/div/div[3]/div/div/div[1]/div[1]/form/div[4]/div[3]/div/div/div[1]'.</msg>
<status status="PASS" starttime="20220217 10:07:24.516" endtime="20220217 10:07:24.627"/>
</kw>
<kw name="Press Keys" library="Selenium2Library">
<arg>None</arg>
<arg>No\n</arg>
<doc>Simulates the user pressing key(s) to an element or on the active browser.</doc>
<msg timestamp="20220217 10:07:24.629" level="INFO">Sending key(s) ('No\n',) to page.</msg>
<msg timestamp="20220217 10:07:24.629" level="INFO">Sending keys No
</msg>
<status status="PASS" starttime="20220217 10:07:24.628" endtime="20220217 10:07:24.728"/>
</kw>
<kw name="Click Button" library="Selenium2Library">
<arg>${confirm_btn}</arg>
<doc>Clicks the button identified by ``locator``.</doc>
<msg timestamp="20220217 10:07:24.729" level="INFO">Clicking button 'id:vectorTool_confirmButton'.</msg>
<status status="PASS" starttime="20220217 10:07:24.728" endtime="20220217 10:07:24.869"/>
</kw>
<kw name="Close Browser" library="Selenium2Library" type="TEARDOWN">
<doc>Closes the current browser.</doc>
<status status="PASS" starttime="20220217 10:07:24.869" endtime="20220217 10:07:27.032"/>
</kw>
<status status="PASS" starttime="20220217 10:07:04.318" endtime="20220217 10:07:27.033"/>
</test>
<doc>Test Symmetrical Difference tool.</doc>
<status status="PASS" starttime="20220217 10:07:03.960" endtime="20220217 10:07:27.036"/>
</suite>
<statistics>
<total>
<stat pass="1" fail="0" skip="0">All Tests</stat>
</total>
<tag>
</tag>
<suite>
<stat pass="1" fail="0" skip="0" id="s1" name="11-SymmetricalDifference">11-SymmetricalDifference</stat>
</suite>
</statistics>
<errors>
</errors>
</robot>
